<?xml version="1.0" encoding="UTF-8" standalone="no"?>
<testsuite failures="3" name="cucumber.runtime.formatter.JUnitFormatter" skipped="0" tests="3" time="117.817381">
<testcase classname="Now Float Service Selection Functionality" name="Verify User is able to Select Service From Home Page successfully" time="29.831586">
<failure message="java.lang.ClassCastException: com.sun.proxy.$Proxy19 cannot be cast to org.openqa.selenium.By&#13;&#10;&#9;at com.nowFloat.Pages.HomePage.selectService(HomePage.java:54)&#13;&#10;&#9;at com.nowFloat.StepDef.HomePageValidation.i_click_any_from_dropdown_list(HomePageValidation.java:38)&#13;&#10;&#9;at ✽.And I click any &quot;classic&quot; from dropdown list(nowFloatHomePage.feature:8)&#13;&#10;"><![CDATA[Given I am on Now Float Home Page...........................................passed
When I click Services link from home page...................................passed
Then I verify list of services are displayed................................passed
And I click any "classic" from dropdown list................................failed
And I verify selected service is displayed..................................skipped

StackTrace:
java.lang.ClassCastException: com.sun.proxy.$Proxy19 cannot be cast to org.openqa.selenium.By
	at com.nowFloat.Pages.HomePage.selectService(HomePage.java:54)
	at com.nowFloat.StepDef.HomePageValidation.i_click_any_from_dropdown_list(HomePageValidation.java:38)
	at ✽.And I click any "classic" from dropdown list(nowFloatHomePage.feature:8)
]]></failure>
</testcase>
<testcase classname="Now Float Service Selection Functionality" name="Verify user is able o select service from Service Overlay" time="23.357711">
<failure message="org.openqa.selenium.StaleElementReferenceException: stale element reference: element is not attached to the page document&#10;  (Session info: chrome=74.0.3729.131)&#10;  (Driver info: chromedriver=2.43.600210 (68dcf5eebde37173d4027fa8635e332711d2874a),platform=Windows NT 10.0.17134 x86_64) (WARNING: The server did not provide any stacktrace information)&#10;Command duration or timeout: 0 milliseconds&#10;For documentation on this error, please visit: http://seleniumhq.org/exceptions/stale_element_reference.html&#10;Build info: version: '3.14.0', revision: 'aacccce0', time: '2018-08-02T20:19:58.91Z'&#10;System info: host: 'DESKTOP-CEDR2O3', ip: '192.168.1.107', os.name: 'Windows 10', os.arch: 'amd64', os.version: '10.0', java.version: '1.8.0_74'&#10;Driver info: org.openqa.selenium.chrome.ChromeDriver&#10;Capabilities {acceptInsecureCerts: false, acceptSslCerts: false, applicationCacheEnabled: false, browserConnectionEnabled: false, browserName: chrome, chrome: {chromedriverVersion: 2.43.600210 (68dcf5eebde371..., userDataDir: C:\Users\VAMSIM~1\AppData\L...}, cssSelectorsEnabled: true, databaseEnabled: false, goog:chromeOptions: {debuggerAddress: localhost:53585}, handlesAlerts: true, hasTouchScreen: false, javascriptEnabled: true, locationContextEnabled: true, mobileEmulationEnabled: false, nativeEvents: true, networkConnectionEnabled: false, pageLoadStrategy: normal, platform: XP, platformName: XP, rotatable: false, setWindowRect: true, takesHeapSnapshot: true, takesScreenshot: true, unexpectedAlertBehaviour: , unhandledPromptBehavior: , version: 74.0.3729.131, webStorageEnabled: true}&#10;Session ID: 1bdcd44e14754534eebda6837ffefa33&#13;&#10;&#9;at sun.reflect.NativeConstructorAccessorImpl.newInstance0(Native Method)&#13;&#10;&#9;at sun.reflect.NativeConstructorAccessorImpl.newInstance(Unknown Source)&#13;&#10;&#9;at sun.reflect.DelegatingConstructorAccessorImpl.newInstance(Unknown Source)&#13;&#10;&#9;at java.lang.reflect.Constructor.newInstance(Unknown Source)&#13;&#10;&#9;at org.openqa.selenium.remote.ErrorHandler.createThrowable(ErrorHandler.java:214)&#13;&#10;&#9;at org.openqa.selenium.remote.ErrorHandler.throwIfResponseFailed(ErrorHandler.java:166)&#13;&#10;&#9;at org.openqa.selenium.remote.http.JsonHttpResponseCodec.reconstructValue(JsonHttpResponseCodec.java:40)&#13;&#10;&#9;at org.openqa.selenium.remote.http.AbstractHttpResponseCodec.decode(AbstractHttpResponseCodec.java:80)&#13;&#10;&#9;at org.openqa.selenium.remote.http.AbstractHttpResponseCodec.decode(AbstractHttpResponseCodec.java:44)&#13;&#10;&#9;at org.openqa.selenium.remote.HttpCommandExecutor.execute(HttpCommandExecutor.java:158)&#13;&#10;&#9;at org.openqa.selenium.remote.service.DriverCommandExecutor.execute(DriverCommandExecutor.java:83)&#13;&#10;&#9;at org.openqa.selenium.remote.RemoteWebDriver.execute(RemoteWebDriver.java:548)&#13;&#10;&#9;at org.openqa.selenium.remote.RemoteWebElement.execute(RemoteWebElement.java:276)&#13;&#10;&#9;at org.openqa.selenium.remote.RemoteWebElement.getText(RemoteWebElement.java:160)&#13;&#10;&#9;at com.nowFloat.Pages.HomePage.selectServiceFromOverlay(HomePage.java:74)&#13;&#10;&#9;at com.nowFloat.StepDef.HomePageValidation.i_click_any_from_overlay(HomePageValidation.java:58)&#13;&#10;&#9;at ✽.Then I click any &quot;Classic&quot; from overlay(nowFloatHomePage.feature:19)&#13;&#10;"><![CDATA[Given I am on Now Float Home Page...........................................passed
When I Mouse Over on Services link from home page...........................passed
Then I click any "Classic" from overlay.....................................failed

StackTrace:
org.openqa.selenium.StaleElementReferenceException: stale element reference: element is not attached to the page document
  (Session info: chrome=74.0.3729.131)
  (Driver info: chromedriver=2.43.600210 (68dcf5eebde37173d4027fa8635e332711d2874a),platform=Windows NT 10.0.17134 x86_64) (WARNING: The server did not provide any stacktrace information)
Command duration or timeout: 0 milliseconds
For documentation on this error, please visit: http://seleniumhq.org/exceptions/stale_element_reference.html
Build info: version: '3.14.0', revision: 'aacccce0', time: '2018-08-02T20:19:58.91Z'
System info: host: 'DESKTOP-CEDR2O3', ip: '192.168.1.107', os.name: 'Windows 10', os.arch: 'amd64', os.version: '10.0', java.version: '1.8.0_74'
Driver info: org.openqa.selenium.chrome.ChromeDriver
Capabilities {acceptInsecureCerts: false, acceptSslCerts: false, applicationCacheEnabled: false, browserConnectionEnabled: false, browserName: chrome, chrome: {chromedriverVersion: 2.43.600210 (68dcf5eebde371..., userDataDir: C:\Users\VAMSIM~1\AppData\L...}, cssSelectorsEnabled: true, databaseEnabled: false, goog:chromeOptions: {debuggerAddress: localhost:53585}, handlesAlerts: true, hasTouchScreen: false, javascriptEnabled: true, locationContextEnabled: true, mobileEmulationEnabled: false, nativeEvents: true, networkConnectionEnabled: false, pageLoadStrategy: normal, platform: XP, platformName: XP, rotatable: false, setWindowRect: true, takesHeapSnapshot: true, takesScreenshot: true, unexpectedAlertBehaviour: , unhandledPromptBehavior: , version: 74.0.3729.131, webStorageEnabled: true}
Session ID: 1bdcd44e14754534eebda6837ffefa33
	at sun.reflect.NativeConstructorAccessorImpl.newInstance0(Native Method)
	at sun.reflect.NativeConstructorAccessorImpl.newInstance(Unknown Source)
	at sun.reflect.DelegatingConstructorAccessorImpl.newInstance(Unknown Source)
	at java.lang.reflect.Constructor.newInstance(Unknown Source)
	at org.openqa.selenium.remote.ErrorHandler.createThrowable(ErrorHandler.java:214)
	at org.openqa.selenium.remote.ErrorHandler.throwIfResponseFailed(ErrorHandler.java:166)
	at org.openqa.selenium.remote.http.JsonHttpResponseCodec.reconstructValue(JsonHttpResponseCodec.java:40)
	at org.openqa.selenium.remote.http.AbstractHttpResponseCodec.decode(AbstractHttpResponseCodec.java:80)
	at org.openqa.selenium.remote.http.AbstractHttpResponseCodec.decode(AbstractHttpResponseCodec.java:44)
	at org.openqa.selenium.remote.HttpCommandExecutor.execute(HttpCommandExecutor.java:158)
	at org.openqa.selenium.remote.service.DriverCommandExecutor.execute(DriverCommandExecutor.java:83)
	at org.openqa.selenium.remote.RemoteWebDriver.execute(RemoteWebDriver.java:548)
	at org.openqa.selenium.remote.RemoteWebElement.execute(RemoteWebElement.java:276)
	at org.openqa.selenium.remote.RemoteWebElement.getText(RemoteWebElement.java:160)
	at com.nowFloat.Pages.HomePage.selectServiceFromOverlay(HomePage.java:74)
	at com.nowFloat.StepDef.HomePageValidation.i_click_any_from_overlay(HomePageValidation.java:58)
	at ✽.Then I click any "Classic" from overlay(nowFloatHomePage.feature:19)
]]></failure>
</testcase>
<testcase classname="Now Float Order Placement Functionality" name="Verify User is able to Place Order successfully" time="64.628084">
<failure message="java.lang.ClassCastException: com.sun.proxy.$Proxy19 cannot be cast to org.openqa.selenium.By&#13;&#10;&#9;at com.nowFloat.Pages.HomePage.selectService(HomePage.java:54)&#13;&#10;&#9;at com.nowFloat.StepDef.HomePageValidation.i_click_any_from_dropdown_list(HomePageValidation.java:38)&#13;&#10;&#9;at ✽.And I click any &quot;classic&quot; from dropdown list(nowFloatPlaceOrder.feature:8)&#13;&#10;"><![CDATA[Given I am on Now Float Home Page...........................................passed
When I click Services link from home page...................................passed
Then I verify list of services are displayed................................passed
And I click any "classic" from dropdown list................................failed
And I verify selected service is displayed..................................skipped
When I click Add to Bag button..............................................skipped
Then I verify product added to Bag..........................................skipped
When I click shopping bag link..............................................skipped
Then I verify user navigated to shopping bag page...........................skipped
And I click checkout button.................................................skipped
Then I verify user navigated to checkout page...............................skipped
And I enter shipping details................................................skipped
And I click payment options.................................................skipped
And I Place order...........................................................skipped
Then I verify Order ID......................................................skipped

StackTrace:
java.lang.ClassCastException: com.sun.proxy.$Proxy19 cannot be cast to org.openqa.selenium.By
	at com.nowFloat.Pages.HomePage.selectService(HomePage.java:54)
	at com.nowFloat.StepDef.HomePageValidation.i_click_any_from_dropdown_list(HomePageValidation.java:38)
	at ✽.And I click any "classic" from dropdown list(nowFloatPlaceOrder.feature:8)
]]></failure>
</testcase>
</testsuite>
